<?xml version="1.0" encoding="UTF-8"?>
<testsuite xmlns:xsi="http://www.w3.org/2001/XMLSchema-instance" xsi:noNamespaceSchemaLocation="https://maven.apache.org/surefire/maven-surefire-plugin/xsd/surefire-test-report-3.0.xsd" version="3.0" name="com.progressoft.tools.NormalizerTest" time="0.739" tests="12" errors="0" skipped="0" failures="0">
  <properties>
[...]
</properties>
  <testcase name="givenMarksCSVFileToScale_whenMarkColumnIsMinMaxScaled_thenNewCSVFileIsGeneratedWithAdditionalMinMaxScoreColumn" classname="com.progressoft.tools.NormalizerTest" time="0.201"/>
  <testcase name="givenInvalidInput_whenMinMaxScale_thenThrowException" classname="com.progressoft.tools.NormalizerTest" time="0.015"/>
  <testcase name="givenInvalidNormalizeColum_whenZscore_thenThrowException" classname="com.progressoft.tools.NormalizerTest" time="0.017"/>
  <testcase name="givenInvalidInputDestinationFileTypeNotCsv_whenZscore_thenThrowException" classname="com.progressoft.tools.NormalizerTest" time="0.041"/>
  <testcase name="givenInvalidInputDestinationFileTypeNotCsv_whenMin_Max_Scale_thenThrowException" classname="com.progressoft.tools.NormalizerTest" time="0.089"/>
  <testcase name="givenEmployeesCSVFileToScale_whenSalaryColumnIsZScored_thenNewCSVFileIsGeneratedWithAdditionalZScoreColumn" classname="com.progressoft.tools.NormalizerTest" time="0.071"/>
  <testcase name="givenInvalidNormalizeColum_whenMinMaxScaled_thenThrowException" classname="com.progressoft.tools.NormalizerTest" time="0.015"/>
  <testcase name="givenInvalidInputDestinationPathDirectory_whenZscore_thenThrowException" classname="com.progressoft.tools.NormalizerTest" time="0.048"/>
  <testcase name="givenMarksCSVFileToScale_whenMarkColumnIsZScored_thenNewCSVFileIsGeneratedWithAdditionalZScoreColumn" classname="com.progressoft.tools.NormalizerTest" time="0.055"/>
  <testcase name="givenEmployeesCSVFileToScale_whenSalaryColumnIsMinMaxScaled_thenNewCSVFileIsGeneratedWithAdditionalMinMaxScoreColumn" classname="com.progressoft.tools.NormalizerTest" time="0.083"/>
  <testcase name="givenInvalidInput_whenZscore_thenThrowException" classname="com.progressoft.tools.NormalizerTest" time="0.017"/>
  <testcase name="givenInvalidInputDestinationPathDirectory_whenMinMaxScale_thenThrowException" classname="com.progressoft.tools.NormalizerTest" time="0.054"/>
</testsuite>